Fri Dec  2 03:41:13 2022       
+-----------------------------------------------------------------------------+
| NVIDIA-SMI 470.57.02    Driver Version: 470.57.02    CUDA Version: 11.4     |
|-------------------------------+----------------------+----------------------+
| GPU  Name        Persistence-M| Bus-Id        Disp.A | Volatile Uncorr. ECC |
| Fan  Temp  Perf  Pwr:Usage/Cap|         Memory-Usage | GPU-Util  Compute M. |
|                               |                      |               MIG M. |
|===============================+======================+======================|
|   0  Tesla V100-SXM2...  On   | 00000000:15:00.0 Off |                    0 |
| N/A   36C    P0   195W / 300W |  10486MiB / 32510MiB |     92%      Default |
|                               |                      |                  N/A |
+-------------------------------+----------------------+----------------------+
|   1  Tesla V100-SXM2...  On   | 00000000:3B:00.0 Off |                    0 |
| N/A   37C    P0   206W / 300W |  10564MiB / 32510MiB |     93%      Default |
|                               |                      |                  N/A |
+-------------------------------+----------------------+----------------------+
|   2  Tesla V100-SXM2...  On   | 00000000:B2:00.0 Off |                    0 |
| N/A   38C    P0   179W / 300W |  10486MiB / 32510MiB |     74%      Default |
|                               |                      |                  N/A |
+-------------------------------+----------------------+----------------------+
|   3  Tesla V100-SXM2...  On   | 00000000:B3:00.0 Off |                    0 |
| N/A   38C    P0   135W / 300W |  10584MiB / 32510MiB |     93%      Default |
|                               |                      |                  N/A |
+-------------------------------+----------------------+----------------------+
                                                                               
+-----------------------------------------------------------------------------+
| Processes:                                                                  |
|  GPU   GI   CI        PID   Type   Process name                  GPU Memory |
|        ID   ID                                                   Usage      |
|=============================================================================|
|    0   N/A  N/A     48602      C   ...da3/envs/torch/bin/python    10481MiB |
|    1   N/A  N/A     48603      C   ...da3/envs/torch/bin/python    10559MiB |
|    2   N/A  N/A     48604      C   ...da3/envs/torch/bin/python    10481MiB |
|    3   N/A  N/A     48605      C   ...da3/envs/torch/bin/python    10579MiB |
+-----------------------------------------------------------------------------+
